<?xml version="1.0" encoding="UTF-8"?>
<!-- Generated by org.testng.reporters.JUnitXMLReporter -->
<testsuite hostname="DESKTOP-DL0LB1I" ignored="0" name="AddNewEmployeeAndVerifyLoginCredentials" tests="5" failures="0" timestamp="29 Dec 2021 08:03:30 GMT" time="47.341" errors="0">
  <testcase name="set_LoginCredentials" time="0.258" classname="com.HRM.testCases.TC_002_AddNewEmployeeAndVerifyLoginCredentials"/>
  <testcase name="clickOnLoginButton" time="4.83" classname="com.HRM.testCases.TC_002_AddNewEmployeeAndVerifyLoginCredentials"/>
  <testcase name="addEmployee" time="20.341" classname="com.HRM.testCases.TC_002_AddNewEmployeeAndVerifyLoginCredentials"/>
  <testcase name="LogoutFromApp" time="7.265" classname="com.HRM.testCases.TC_002_AddNewEmployeeAndVerifyLoginCredentials"/>
  <testcase name="LoginWithNewEmployee" time="1.922" classname="com.HRM.testCases.TC_002_AddNewEmployeeAndVerifyLoginCredentials"/>
</testsuite> <!-- AddNewEmployeeAndVerifyLoginCredentials -->
