<?xml version="1.0" encoding="UTF-8"?>
<!-- Generated by org.testng.reporters.JUnitXMLReporter -->
<testsuite hostname="DESKTOP-DL0LB1I" ignored="0" name="OrangeHRM_Login test" tests="3" failures="0" timestamp="26 Dec 2021 13:09:39 GMT" time="29.049" errors="0">
  <testcase name="set_LoginCredentials" time="0.209" classname="com.HRM.testCases.TC_001_LoginTestCase"/>
  <testcase name="clickOnLoginButton" time="18.051" classname="com.HRM.testCases.TC_001_LoginTestCase"/>
  <testcase name="verifyTheTitle_HomePage" time="0.021" classname="com.HRM.testCases.TC_001_LoginTestCase"/>
</testsuite> <!-- OrangeHRM_Login test -->
