<?xml version="1.0" encoding="UTF-8"?>
<testsuite name="TestSuite" time="34.612" tests="5" errors="0" skipped="0" failures="0">
  <properties>
[...]
</properties>
  <testcase name="set_LoginCredentials" classname="com.HRM.testCases.TC_002_AddNewEmployeeAndVerifyLoginCredentials" time="0.253"/>
  <testcase name="clickOnLoginButton" classname="com.HRM.testCases.TC_002_AddNewEmployeeAndVerifyLoginCredentials" time="4.831"/>
  <testcase name="addEmployee" classname="com.HRM.testCases.TC_002_AddNewEmployeeAndVerifyLoginCredentials" time="20.34"/>
  <testcase name="LogoutFromApp" classname="com.HRM.testCases.TC_002_AddNewEmployeeAndVerifyLoginCredentials" time="7.266"/>
  <testcase name="LoginWithNewEmployee" classname="com.HRM.testCases.TC_002_AddNewEmployeeAndVerifyLoginCredentials" time="1.922"/>
</testsuite>